<?xml version="1.0" encoding="UTF-8"?>
<testsuite name="banking.CDAccountTest" tests="1" skipped="0" failures="0" errors="0" timestamp="2024-03-08T03:19:39" hostname="MSI" time="0.0">
  <properties/>
  <testcase name="cd_account_has_correct_balance_initially()" classname="banking.CDAccountTest" time="0.0"/>
  <system-out><![CDATA[]]></system-out>
  <system-err><![CDATA[]]></system-err>
</testsuite>
