<?xml version="1.0" encoding="UTF-8"?>
<testsuite name="banking.MasterControlTest" tests="4" skipped="0" failures="0" errors="0" timestamp="2024-03-08T03:19:39" hostname="MSI" time="0.028">
  <properties/>
  <testcase name="invalid_to_create_accounts_with_same_ID()" classname="banking.MasterControlTest" time="0.023"/>
  <testcase name="sample_make_sure_this_passes_unchanged_or_you_will_fail()" classname="banking.MasterControlTest" time="0.002"/>
  <testcase name="create_accounts_then_deposit()" classname="banking.MasterControlTest" time="0.001"/>
  <testcase name="two_typo_commands_both_invalid()" classname="banking.MasterControlTest" time="0.001"/>
  <system-out><![CDATA[]]></system-out>
  <system-err><![CDATA[]]></system-err>
</testsuite>
